<?xml version="1.0" encoding="UTF-8"?>
<!-- Generated by org.testng.reporters.JUnitReportReporter -->
<testsuite skipped="0" hostname="DESKTOP-QUD63Q9" name="gitPractice.Practice" tests="2" failures="0" timestamp="2023-01-28T17:00:39 IST" time="0.022" errors="0">
  <testcase name="hello2" time="0.003" classname="gitPractice.Practice"/>
  <testcase name="hello" time="0.019" classname="gitPractice.Practice"/>
</testsuite> <!-- gitPractice.Practice -->
